[2024-07-17 21:10:46] - custom_log - DEBUG - Setting up Flask app... (custom_logging.py:68)
[2024-07-17 21:10:46] - custom_log - DEBUG - Enabling CORS... (custom_logging.py:68)
[2024-07-17 21:10:46] - custom_log - DEBUG - Setting up SocketIO... (custom_logging.py:68)
[2024-07-17 21:10:46] - custom_log - DEBUG - ExamplePlugin initialized (custom_logging.py:68)
[2024-07-17 21:10:46] - custom_log - DEBUG - Initializing EventManager... (custom_logging.py:68)
[2024-07-17 21:10:46] - custom_log - DEBUG - ExamplePlugin initialized (custom_logging.py:68)
[2024-07-17 21:10:46] - custom_log - DEBUG - Flask app with SocketIO is starting on port 5000... (custom_logging.py:68)
[2024-07-17 21:13:49] - custom_log - DEBUG - Client connected (custom_logging.py:68)
[2024-07-17 21:14:30] - custom_log - DEBUG - Attempting to emit event: solo_game_ready with data: {'gameData': {'gameMode': 'solo', 'gameState': 'solo_game_ready', 'gameId': 'You-h01cEMR2NxZe7KhzAAAB', 'numOfOpponents': '2'}, 'playerData': {'gameCreatorUsername': 'You', 'username': 'You', 'player_id': 'h01cEMR2NxZe7KhzAAAB', 'player_type': 'user'}}, rooms: You-h01cEMR2NxZe7KhzAAAB, wait_for: None, expect_reply: False, timeout: None (custom_logging.py:68)
[2024-07-17 21:14:30] - custom_log - DEBUG - Emitting event solo_game_ready with data: {'gameData': {'gameMode': 'solo', 'gameState': 'solo_game_ready', 'gameId': 'You-h01cEMR2NxZe7KhzAAAB', 'numOfOpponents': '2'}, 'playerData': {'gameCreatorUsername': 'You', 'username': 'You', 'player_id': 'h01cEMR2NxZe7KhzAAAB', 'player_type': 'user'}} (custom_logging.py:68)
[2024-07-17 21:14:30] - custom_log - DEBUG - Emitting event solo_game_ready to room You-h01cEMR2NxZe7KhzAAAB (custom_logging.py:68)
[2024-07-17 21:14:30] - custom_log - DEBUG - Event solo_game_ready emitted (custom_logging.py:68)
[2024-07-17 21:14:37] - custom_log - DEBUG - Retrieved card details for card ID 23533: {'id': 23533, 'rank': '4', 'suit': 'Hearts', 'color': 'Red', 'value': 4} (custom_logging.py:68)
[2024-07-17 21:14:37] - custom_log - DEBUG - Attempting to emit event: loading with data: {'game_id': 'You-h01cEMR2NxZe7KhzAAAB', 'game_mode': 'solo', 'players': {'h01cEMR2NxZe7KhzAAABcomputer1': {'name': 'Computer1', 'id': 'h01cEMR2NxZe7KhzAAABcomputer1', 'player_type': 'computer', 'hand': [], 'score': 0, 'active_card': None, 'state': 'IDLE', 'game_room': {'game_id': 'You-h01cEMR2NxZe7KhzAAAB', 'game_play_state': 'PREGAME'}}, 'h01cEMR2NxZe7KhzAAABcomputer2': {'name': 'Computer2', 'id': 'h01cEMR2NxZe7KhzAAABcomputer2', 'player_type': 'computer', 'hand': [], 'score': 0, 'active_card': None, 'state': 'IDLE', 'game_room': {'game_id': 'You-h01cEMR2NxZe7KhzAAAB', 'game_play_state': 'PREGAME'}}, 'h01cEMR2NxZe7KhzAAAB': {'name': 'You', 'id': 'h01cEMR2NxZe7KhzAAAB', 'player_type': 'user', 'hand': [], 'score': 0, 'active_card': None, 'state': 'IDLE', 'game_room': {'game_id': 'You-h01cEMR2NxZe7KhzAAAB', 'game_play_state': 'PREGAME'}}}, 'current_player': None, 'special_cards_queue': [], 'face_down_cards': [23026, 60165, 49744, 37927, 42380, 83039, 11355, 64811, 94316, 81791, 55260, 58886, 35381, 64609, 32125, 55442, 68066, 99885, 18874, 38319, 50469, 81072, 92381, 12653, 94054, 29333, 30574, 68952, 52841, 69586, 33655, 66689, 28750, 88499, 23846, 73211, 94910, 17406, 65513, 99434, 77389, 25009, 60323, 15853, 94863, 81179, 29812, 81042, 91937, 40675, 33150, 99712, 94019], 'face_up_cards': [{'id': 23533, 'rank': '4', 'suit': 'Hearts', 'color': 'Red', 'value': 4}], 'winners_queue': [], 'called_user_id': '', 'game_play_state': 'LOADING'}, rooms: You-h01cEMR2NxZe7KhzAAAB, wait_for: None, expect_reply: False, timeout: None (custom_logging.py:68)
[2024-07-17 21:14:37] - custom_log - DEBUG - Emitting event loading with data: {'game_id': 'You-h01cEMR2NxZe7KhzAAAB', 'game_mode': 'solo', 'players': {'h01cEMR2NxZe7KhzAAABcomputer1': {'name': 'Computer1', 'id': 'h01cEMR2NxZe7KhzAAABcomputer1', 'player_type': 'computer', 'hand': [], 'score': 0, 'active_card': None, 'state': 'IDLE', 'game_room': {'game_id': 'You-h01cEMR2NxZe7KhzAAAB', 'game_play_state': 'PREGAME'}}, 'h01cEMR2NxZe7KhzAAABcomputer2': {'name': 'Computer2', 'id': 'h01cEMR2NxZe7KhzAAABcomputer2', 'player_type': 'computer', 'hand': [], 'score': 0, 'active_card': None, 'state': 'IDLE', 'game_room': {'game_id': 'You-h01cEMR2NxZe7KhzAAAB', 'game_play_state': 'PREGAME'}}, 'h01cEMR2NxZe7KhzAAAB': {'name': 'You', 'id': 'h01cEMR2NxZe7KhzAAAB', 'player_type': 'user', 'hand': [], 'score': 0, 'active_card': None, 'state': 'IDLE', 'game_room': {'game_id': 'You-h01cEMR2NxZe7KhzAAAB', 'game_play_state': 'PREGAME'}}}, 'current_player': None, 'special_cards_queue': [], 'face_down_cards': [23026, 60165, 49744, 37927, 42380, 83039, 11355, 64811, 94316, 81791, 55260, 58886, 35381, 64609, 32125, 55442, 68066, 99885, 18874, 38319, 50469, 81072, 92381, 12653, 94054, 29333, 30574, 68952, 52841, 69586, 33655, 66689, 28750, 88499, 23846, 73211, 94910, 17406, 65513, 99434, 77389, 25009, 60323, 15853, 94863, 81179, 29812, 81042, 91937, 40675, 33150, 99712, 94019], 'face_up_cards': [{'id': 23533, 'rank': '4', 'suit': 'Hearts', 'color': 'Red', 'value': 4}], 'winners_queue': [], 'called_user_id': '', 'game_play_state': 'LOADING'} (custom_logging.py:68)
[2024-07-17 21:14:37] - custom_log - DEBUG - Emitting event loading to room You-h01cEMR2NxZe7KhzAAAB (custom_logging.py:68)
[2024-07-17 21:14:37] - custom_log - DEBUG - Event loading emitted (custom_logging.py:68)
[2024-07-17 21:14:39] - custom_log - DEBUG - Retrieved card details for card ID 23026: {'id': 23026, 'rank': 'Ace', 'suit': 'Hearts', 'color': 'Red', 'value': 1} (custom_logging.py:68)
[2024-07-17 21:14:39] - custom_log - DEBUG - Retrieved card details for card ID 99712: {'id': 99712, 'rank': 'Joker', 'suit': 'Colored', 'color': 'Red', 'value': 0} (custom_logging.py:68)
[2024-07-17 21:14:39] - custom_log - DEBUG - Retrieved card details for card ID 11355: {'id': 11355, 'rank': '2', 'suit': 'Clubs', 'color': 'Black', 'value': 2} (custom_logging.py:68)
[2024-07-17 21:14:39] - custom_log - DEBUG - Retrieved card details for card ID 94316: {'id': 94316, 'rank': '3', 'suit': 'Hearts', 'color': 'Red', 'value': 3} (custom_logging.py:68)
[2024-07-17 21:14:39] - custom_log - DEBUG - Retrieved card details for card ID 99434: {'id': 99434, 'rank': 'Jack', 'suit': 'Hearts', 'color': 'Red', 'value': 10} (custom_logging.py:68)
[2024-07-17 21:14:39] - custom_log - DEBUG - Retrieved card details for card ID 29812: {'id': 29812, 'rank': 'Queen', 'suit': 'Spades', 'color': 'Black', 'value': 10} (custom_logging.py:68)
[2024-07-17 21:14:39] - custom_log - DEBUG - Retrieved card details for card ID 91937: {'id': 91937, 'rank': 'King', 'suit': 'Diamonds', 'color': 'Red', 'value': 0} (custom_logging.py:68)
[2024-07-17 21:14:39] - custom_log - DEBUG - Retrieved card details for card ID 23846: {'id': 23846, 'rank': '9', 'suit': 'Spades', 'color': 'Black', 'value': 9} (custom_logging.py:68)
[2024-07-17 21:14:39] - custom_log - DEBUG - Retrieved card details for card ID 35381: {'id': 35381, 'rank': '4', 'suit': 'Diamonds', 'color': 'Red', 'value': 4} (custom_logging.py:68)
[2024-07-17 21:14:39] - custom_log - DEBUG - Retrieved card details for card ID 52841: {'id': 52841, 'rank': '8', 'suit': 'Diamonds', 'color': 'Red', 'value': 8} (custom_logging.py:68)
[2024-07-17 21:14:39] - custom_log - DEBUG - Retrieved card details for card ID 15853: {'id': 15853, 'rank': 'Queen', 'suit': 'Hearts', 'color': 'Red', 'value': 10} (custom_logging.py:68)
[2024-07-17 21:14:39] - custom_log - DEBUG - Retrieved card details for card ID 64609: {'id': 64609, 'rank': '4', 'suit': 'Clubs', 'color': 'Black', 'value': 4} (custom_logging.py:68)
[2024-07-17 21:14:39] - custom_log - DEBUG - Attempting to emit event: revealTwoCards with data: {'game_id': 'You-h01cEMR2NxZe7KhzAAAB', 'game_mode': 'solo', 'players': {'h01cEMR2NxZe7KhzAAABcomputer1': {'name': 'Computer1', 'id': 'h01cEMR2NxZe7KhzAAABcomputer1', 'player_type': 'computer', 'hand': [23026, 99712, 11355, 94316], 'score': 0, 'active_card': None, 'state': 'IDLE', 'game_room': {'game_id': 'You-h01cEMR2NxZe7KhzAAAB', 'game_play_state': 'PREGAME'}}, 'h01cEMR2NxZe7KhzAAABcomputer2': {'name': 'Computer2', 'id': 'h01cEMR2NxZe7KhzAAABcomputer2', 'player_type': 'computer', 'hand': [99434, 29812, 91937, 23846], 'score': 0, 'active_card': None, 'state': 'IDLE', 'game_room': {'game_id': 'You-h01cEMR2NxZe7KhzAAAB', 'game_play_state': 'PREGAME'}}, 'h01cEMR2NxZe7KhzAAAB': {'name': 'You', 'id': 'h01cEMR2NxZe7KhzAAAB', 'player_type': 'user', 'hand': [35381, 52841, 15853, 64609], 'score': 0, 'active_card': None, 'state': 'IDLE', 'game_room': {'game_id': 'You-h01cEMR2NxZe7KhzAAAB', 'game_play_state': 'PREGAME'}}}, 'current_player': None, 'special_cards_queue': [], 'face_down_cards': [60165, 49744, 37927, 42380, 83039, 64811, 81791, 55260, 58886, 32125, 55442, 68066, 99885, 18874, 38319, 50469, 81072, 92381, 12653, 94054, 29333, 30574, 68952, 69586, 33655, 66689, 28750, 88499, 73211, 94910, 17406, 65513, 77389, 25009, 60323, 94863, 81179, 81042, 40675, 33150, 94019], 'face_up_cards': [{'id': 23533, 'rank': '4', 'suit': 'Hearts', 'color': 'Red', 'value': 4}], 'winners_queue': [], 'called_user_id': '', 'game_play_state': 'REVEAL_CARDS'}, rooms: You-h01cEMR2NxZe7KhzAAAB, wait_for: None, expect_reply: False, timeout: None (custom_logging.py:68)
[2024-07-17 21:14:39] - custom_log - DEBUG - Emitting event revealTwoCards with data: {'game_id': 'You-h01cEMR2NxZe7KhzAAAB', 'game_mode': 'solo', 'players': {'h01cEMR2NxZe7KhzAAABcomputer1': {'name': 'Computer1', 'id': 'h01cEMR2NxZe7KhzAAABcomputer1', 'player_type': 'computer', 'hand': [23026, 99712, 11355, 94316], 'score': 0, 'active_card': None, 'state': 'IDLE', 'game_room': {'game_id': 'You-h01cEMR2NxZe7KhzAAAB', 'game_play_state': 'PREGAME'}}, 'h01cEMR2NxZe7KhzAAABcomputer2': {'name': 'Computer2', 'id': 'h01cEMR2NxZe7KhzAAABcomputer2', 'player_type': 'computer', 'hand': [99434, 29812, 91937, 23846], 'score': 0, 'active_card': None, 'state': 'IDLE', 'game_room': {'game_id': 'You-h01cEMR2NxZe7KhzAAAB', 'game_play_state': 'PREGAME'}}, 'h01cEMR2NxZe7KhzAAAB': {'name': 'You', 'id': 'h01cEMR2NxZe7KhzAAAB', 'player_type': 'user', 'hand': [35381, 52841, 15853, 64609], 'score': 0, 'active_card': None, 'state': 'IDLE', 'game_room': {'game_id': 'You-h01cEMR2NxZe7KhzAAAB', 'game_play_state': 'PREGAME'}}}, 'current_player': None, 'special_cards_queue': [], 'face_down_cards': [60165, 49744, 37927, 42380, 83039, 64811, 81791, 55260, 58886, 32125, 55442, 68066, 99885, 18874, 38319, 50469, 81072, 92381, 12653, 94054, 29333, 30574, 68952, 69586, 33655, 66689, 28750, 88499, 73211, 94910, 17406, 65513, 77389, 25009, 60323, 94863, 81179, 81042, 40675, 33150, 94019], 'face_up_cards': [{'id': 23533, 'rank': '4', 'suit': 'Hearts', 'color': 'Red', 'value': 4}], 'winners_queue': [], 'called_user_id': '', 'game_play_state': 'REVEAL_CARDS'} (custom_logging.py:68)
[2024-07-17 21:14:39] - custom_log - DEBUG - Emitting event revealTwoCards to room You-h01cEMR2NxZe7KhzAAAB (custom_logging.py:68)
[2024-07-17 21:14:39] - custom_log - DEBUG - Event revealTwoCards emitted (custom_logging.py:68)
[2024-07-17 21:14:39] - custom_log - DEBUG - Retrieved card details for card ID 23026: {'id': 23026, 'rank': 'Ace', 'suit': 'Hearts', 'color': 'Red', 'value': 1} (custom_logging.py:68)
[2024-07-17 21:14:39] - custom_log - DEBUG - Retrieved card details for card ID 99712: {'id': 99712, 'rank': 'Joker', 'suit': 'Colored', 'color': 'Red', 'value': 0} (custom_logging.py:68)
[2024-07-17 21:14:39] - custom_log - DEBUG - Retrieved card details for card ID 11355: {'id': 11355, 'rank': '2', 'suit': 'Clubs', 'color': 'Black', 'value': 2} (custom_logging.py:68)
[2024-07-17 21:14:39] - custom_log - DEBUG - Retrieved card details for card ID 94316: {'id': 94316, 'rank': '3', 'suit': 'Hearts', 'color': 'Red', 'value': 3} (custom_logging.py:68)
[2024-07-17 21:14:39] - custom_log - DEBUG - Retrieved card details for card ID 99434: {'id': 99434, 'rank': 'Jack', 'suit': 'Hearts', 'color': 'Red', 'value': 10} (custom_logging.py:68)
[2024-07-17 21:14:39] - custom_log - DEBUG - Retrieved card details for card ID 29812: {'id': 29812, 'rank': 'Queen', 'suit': 'Spades', 'color': 'Black', 'value': 10} (custom_logging.py:68)
[2024-07-17 21:14:39] - custom_log - DEBUG - Retrieved card details for card ID 91937: {'id': 91937, 'rank': 'King', 'suit': 'Diamonds', 'color': 'Red', 'value': 0} (custom_logging.py:68)
[2024-07-17 21:14:39] - custom_log - DEBUG - Retrieved card details for card ID 23846: {'id': 23846, 'rank': '9', 'suit': 'Spades', 'color': 'Black', 'value': 9} (custom_logging.py:68)
[2024-07-17 21:14:39] - custom_log - DEBUG - Retrieved card details for card ID 35381: {'id': 35381, 'rank': '4', 'suit': 'Diamonds', 'color': 'Red', 'value': 4} (custom_logging.py:68)
[2024-07-17 21:14:39] - custom_log - DEBUG - Retrieved card details for card ID 52841: {'id': 52841, 'rank': '8', 'suit': 'Diamonds', 'color': 'Red', 'value': 8} (custom_logging.py:68)
[2024-07-17 21:14:39] - custom_log - DEBUG - Retrieved card details for card ID 15853: {'id': 15853, 'rank': 'Queen', 'suit': 'Hearts', 'color': 'Red', 'value': 10} (custom_logging.py:68)
[2024-07-17 21:14:39] - custom_log - DEBUG - Retrieved card details for card ID 64609: {'id': 64609, 'rank': '4', 'suit': 'Clubs', 'color': 'Black', 'value': 4} (custom_logging.py:68)
[2024-07-17 21:14:39] - custom_log - DEBUG - Attempting to emit event: player_data with data: {'name': 'You', 'id': 'h01cEMR2NxZe7KhzAAAB', 'player_type': 'user', 'hand': [35381, 52841, 15853, 64609], 'score': 0, 'active_card': None, 'state': 'REVEAL_CARDS', 'game_room': {'game_id': 'You-h01cEMR2NxZe7KhzAAAB', 'game_play_state': 'PREGAME'}}, rooms: h01cEMR2NxZe7KhzAAAB, wait_for: None, expect_reply: False, timeout: None (custom_logging.py:68)
[2024-07-17 21:14:39] - custom_log - DEBUG - Emitting event player_data with data: {'name': 'You', 'id': 'h01cEMR2NxZe7KhzAAAB', 'player_type': 'user', 'hand': [35381, 52841, 15853, 64609], 'score': 0, 'active_card': None, 'state': 'REVEAL_CARDS', 'game_room': {'game_id': 'You-h01cEMR2NxZe7KhzAAAB', 'game_play_state': 'PREGAME'}} (custom_logging.py:68)
[2024-07-17 21:14:39] - custom_log - DEBUG - Emitting event player_data to room h01cEMR2NxZe7KhzAAAB (custom_logging.py:68)
[2024-07-17 21:14:39] - custom_log - DEBUG - Event player_data emitted (custom_logging.py:68)
[2024-07-17 21:14:49] - custom_log - DEBUG - Retrieved card details for card ID 23026: {'id': 23026, 'rank': 'Ace', 'suit': 'Hearts', 'color': 'Red', 'value': 1} (custom_logging.py:68)
[2024-07-17 21:14:49] - custom_log - DEBUG - Retrieved card details for card ID 99712: {'id': 99712, 'rank': 'Joker', 'suit': 'Colored', 'color': 'Red', 'value': 0} (custom_logging.py:68)
[2024-07-17 21:14:49] - custom_log - DEBUG - Retrieved card details for card ID 11355: {'id': 11355, 'rank': '2', 'suit': 'Clubs', 'color': 'Black', 'value': 2} (custom_logging.py:68)
[2024-07-17 21:14:49] - custom_log - DEBUG - Retrieved card details for card ID 94316: {'id': 94316, 'rank': '3', 'suit': 'Hearts', 'color': 'Red', 'value': 3} (custom_logging.py:68)
[2024-07-17 21:14:49] - custom_log - DEBUG - Retrieved card details for card ID 99434: {'id': 99434, 'rank': 'Jack', 'suit': 'Hearts', 'color': 'Red', 'value': 10} (custom_logging.py:68)
[2024-07-17 21:14:49] - custom_log - DEBUG - Retrieved card details for card ID 29812: {'id': 29812, 'rank': 'Queen', 'suit': 'Spades', 'color': 'Black', 'value': 10} (custom_logging.py:68)
[2024-07-17 21:14:49] - custom_log - DEBUG - Retrieved card details for card ID 91937: {'id': 91937, 'rank': 'King', 'suit': 'Diamonds', 'color': 'Red', 'value': 0} (custom_logging.py:68)
[2024-07-17 21:14:49] - custom_log - DEBUG - Retrieved card details for card ID 23846: {'id': 23846, 'rank': '9', 'suit': 'Spades', 'color': 'Black', 'value': 9} (custom_logging.py:68)
[2024-07-17 21:14:49] - custom_log - DEBUG - Retrieved card details for card ID 35381: {'id': 35381, 'rank': '4', 'suit': 'Diamonds', 'color': 'Red', 'value': 4} (custom_logging.py:68)
[2024-07-17 21:14:49] - custom_log - DEBUG - Retrieved card details for card ID 52841: {'id': 52841, 'rank': '8', 'suit': 'Diamonds', 'color': 'Red', 'value': 8} (custom_logging.py:68)
[2024-07-17 21:14:49] - custom_log - DEBUG - Retrieved card details for card ID 15853: {'id': 15853, 'rank': 'Queen', 'suit': 'Hearts', 'color': 'Red', 'value': 10} (custom_logging.py:68)
[2024-07-17 21:14:49] - custom_log - DEBUG - Retrieved card details for card ID 64609: {'id': 64609, 'rank': '4', 'suit': 'Clubs', 'color': 'Black', 'value': 4} (custom_logging.py:68)
[2024-07-17 21:14:49] - custom_log - DEBUG - Attempting to emit event: player_data with data: {'name': 'You', 'id': 'h01cEMR2NxZe7KhzAAAB', 'player_type': 'user', 'hand': [35381, 52841, 15853, 64609], 'score': 0, 'active_card': None, 'state': 'IDLE', 'game_room': {'game_id': 'You-h01cEMR2NxZe7KhzAAAB', 'game_play_state': 'PREGAME'}}, rooms: h01cEMR2NxZe7KhzAAAB, wait_for: None, expect_reply: False, timeout: None (custom_logging.py:68)
[2024-07-17 21:14:49] - custom_log - DEBUG - Emitting event player_data with data: {'name': 'You', 'id': 'h01cEMR2NxZe7KhzAAAB', 'player_type': 'user', 'hand': [35381, 52841, 15853, 64609], 'score': 0, 'active_card': None, 'state': 'IDLE', 'game_room': {'game_id': 'You-h01cEMR2NxZe7KhzAAAB', 'game_play_state': 'PREGAME'}} (custom_logging.py:68)
[2024-07-17 21:14:49] - custom_log - DEBUG - Emitting event player_data to room h01cEMR2NxZe7KhzAAAB (custom_logging.py:68)
[2024-07-17 21:14:49] - custom_log - DEBUG - Event player_data emitted (custom_logging.py:68)
[2024-07-17 21:14:49] - custom_log - DEBUG - Retrieved card details for card ID 23026: {'id': 23026, 'rank': 'Ace', 'suit': 'Hearts', 'color': 'Red', 'value': 1} (custom_logging.py:68)
[2024-07-17 21:14:49] - custom_log - DEBUG - Retrieved card details for card ID 99712: {'id': 99712, 'rank': 'Joker', 'suit': 'Colored', 'color': 'Red', 'value': 0} (custom_logging.py:68)
[2024-07-17 21:14:49] - custom_log - DEBUG - Retrieved card details for card ID 11355: {'id': 11355, 'rank': '2', 'suit': 'Clubs', 'color': 'Black', 'value': 2} (custom_logging.py:68)
[2024-07-17 21:14:49] - custom_log - DEBUG - Retrieved card details for card ID 94316: {'id': 94316, 'rank': '3', 'suit': 'Hearts', 'color': 'Red', 'value': 3} (custom_logging.py:68)
[2024-07-17 21:14:49] - custom_log - DEBUG - Retrieved card details for card ID 99434: {'id': 99434, 'rank': 'Jack', 'suit': 'Hearts', 'color': 'Red', 'value': 10} (custom_logging.py:68)
[2024-07-17 21:14:49] - custom_log - DEBUG - Retrieved card details for card ID 29812: {'id': 29812, 'rank': 'Queen', 'suit': 'Spades', 'color': 'Black', 'value': 10} (custom_logging.py:68)
[2024-07-17 21:14:49] - custom_log - DEBUG - Retrieved card details for card ID 91937: {'id': 91937, 'rank': 'King', 'suit': 'Diamonds', 'color': 'Red', 'value': 0} (custom_logging.py:68)
[2024-07-17 21:14:49] - custom_log - DEBUG - Retrieved card details for card ID 23846: {'id': 23846, 'rank': '9', 'suit': 'Spades', 'color': 'Black', 'value': 9} (custom_logging.py:68)
[2024-07-17 21:14:49] - custom_log - DEBUG - Retrieved card details for card ID 35381: {'id': 35381, 'rank': '4', 'suit': 'Diamonds', 'color': 'Red', 'value': 4} (custom_logging.py:68)
[2024-07-17 21:14:49] - custom_log - DEBUG - Retrieved card details for card ID 52841: {'id': 52841, 'rank': '8', 'suit': 'Diamonds', 'color': 'Red', 'value': 8} (custom_logging.py:68)
[2024-07-17 21:14:49] - custom_log - DEBUG - Retrieved card details for card ID 15853: {'id': 15853, 'rank': 'Queen', 'suit': 'Hearts', 'color': 'Red', 'value': 10} (custom_logging.py:68)
[2024-07-17 21:14:49] - custom_log - DEBUG - Retrieved card details for card ID 64609: {'id': 64609, 'rank': '4', 'suit': 'Clubs', 'color': 'Black', 'value': 4} (custom_logging.py:68)
[2024-07-17 21:14:49] - custom_log - DEBUG - Attempting to emit event: loading with data: {'game_id': 'You-h01cEMR2NxZe7KhzAAAB', 'game_mode': 'solo', 'players': {'h01cEMR2NxZe7KhzAAABcomputer1': {'name': 'Computer1', 'id': 'h01cEMR2NxZe7KhzAAABcomputer1', 'player_type': 'computer', 'hand': [23026, 99712, 11355, 94316], 'score': 0, 'active_card': None, 'state': 'IDLE', 'game_room': {'game_id': 'You-h01cEMR2NxZe7KhzAAAB', 'game_play_state': 'PREGAME'}}, 'h01cEMR2NxZe7KhzAAABcomputer2': {'name': 'Computer2', 'id': 'h01cEMR2NxZe7KhzAAABcomputer2', 'player_type': 'computer', 'hand': [99434, 29812, 91937, 23846], 'score': 0, 'active_card': None, 'state': 'IDLE', 'game_room': {'game_id': 'You-h01cEMR2NxZe7KhzAAAB', 'game_play_state': 'PREGAME'}}, 'h01cEMR2NxZe7KhzAAAB': {'name': 'You', 'id': 'h01cEMR2NxZe7KhzAAAB', 'player_type': 'user', 'hand': [35381, 52841, 15853, 64609], 'score': 0, 'active_card': None, 'state': 'IDLE', 'game_room': {'game_id': 'You-h01cEMR2NxZe7KhzAAAB', 'game_play_state': 'PREGAME'}}}, 'current_player': None, 'special_cards_queue': [], 'face_down_cards': [60165, 49744, 37927, 42380, 83039, 64811, 81791, 55260, 58886, 32125, 55442, 68066, 99885, 18874, 38319, 50469, 81072, 92381, 12653, 94054, 29333, 30574, 68952, 69586, 33655, 66689, 28750, 88499, 73211, 94910, 17406, 65513, 77389, 25009, 60323, 94863, 81179, 81042, 40675, 33150, 94019], 'face_up_cards': [{'id': 23533, 'rank': '4', 'suit': 'Hearts', 'color': 'Red', 'value': 4}], 'winners_queue': [], 'called_user_id': '', 'game_play_state': 'LOADING'}, rooms: You-h01cEMR2NxZe7KhzAAAB, wait_for: None, expect_reply: False, timeout: None (custom_logging.py:68)
[2024-07-17 21:14:49] - custom_log - DEBUG - Emitting event loading with data: {'game_id': 'You-h01cEMR2NxZe7KhzAAAB', 'game_mode': 'solo', 'players': {'h01cEMR2NxZe7KhzAAABcomputer1': {'name': 'Computer1', 'id': 'h01cEMR2NxZe7KhzAAABcomputer1', 'player_type': 'computer', 'hand': [23026, 99712, 11355, 94316], 'score': 0, 'active_card': None, 'state': 'IDLE', 'game_room': {'game_id': 'You-h01cEMR2NxZe7KhzAAAB', 'game_play_state': 'PREGAME'}}, 'h01cEMR2NxZe7KhzAAABcomputer2': {'name': 'Computer2', 'id': 'h01cEMR2NxZe7KhzAAABcomputer2', 'player_type': 'computer', 'hand': [99434, 29812, 91937, 23846], 'score': 0, 'active_card': None, 'state': 'IDLE', 'game_room': {'game_id': 'You-h01cEMR2NxZe7KhzAAAB', 'game_play_state': 'PREGAME'}}, 'h01cEMR2NxZe7KhzAAAB': {'name': 'You', 'id': 'h01cEMR2NxZe7KhzAAAB', 'player_type': 'user', 'hand': [35381, 52841, 15853, 64609], 'score': 0, 'active_card': None, 'state': 'IDLE', 'game_room': {'game_id': 'You-h01cEMR2NxZe7KhzAAAB', 'game_play_state': 'PREGAME'}}}, 'current_player': None, 'special_cards_queue': [], 'face_down_cards': [60165, 49744, 37927, 42380, 83039, 64811, 81791, 55260, 58886, 32125, 55442, 68066, 99885, 18874, 38319, 50469, 81072, 92381, 12653, 94054, 29333, 30574, 68952, 69586, 33655, 66689, 28750, 88499, 73211, 94910, 17406, 65513, 77389, 25009, 60323, 94863, 81179, 81042, 40675, 33150, 94019], 'face_up_cards': [{'id': 23533, 'rank': '4', 'suit': 'Hearts', 'color': 'Red', 'value': 4}], 'winners_queue': [], 'called_user_id': '', 'game_play_state': 'LOADING'} (custom_logging.py:68)
[2024-07-17 21:14:49] - custom_log - DEBUG - Emitting event loading to room You-h01cEMR2NxZe7KhzAAAB (custom_logging.py:68)
[2024-07-17 21:14:49] - custom_log - DEBUG - Event loading emitted (custom_logging.py:68)
[2024-07-17 21:14:49] - custom_log - DEBUG - Retrieved card details for card ID 23026: {'id': 23026, 'rank': 'Ace', 'suit': 'Hearts', 'color': 'Red', 'value': 1} (custom_logging.py:68)
[2024-07-17 21:14:49] - custom_log - DEBUG - Retrieved card details for card ID 99712: {'id': 99712, 'rank': 'Joker', 'suit': 'Colored', 'color': 'Red', 'value': 0} (custom_logging.py:68)
[2024-07-17 21:14:49] - custom_log - DEBUG - Retrieved card details for card ID 11355: {'id': 11355, 'rank': '2', 'suit': 'Clubs', 'color': 'Black', 'value': 2} (custom_logging.py:68)
[2024-07-17 21:14:49] - custom_log - DEBUG - Retrieved card details for card ID 94316: {'id': 94316, 'rank': '3', 'suit': 'Hearts', 'color': 'Red', 'value': 3} (custom_logging.py:68)
[2024-07-17 21:14:49] - custom_log - DEBUG - Retrieved card details for card ID 99434: {'id': 99434, 'rank': 'Jack', 'suit': 'Hearts', 'color': 'Red', 'value': 10} (custom_logging.py:68)
[2024-07-17 21:14:49] - custom_log - DEBUG - Retrieved card details for card ID 29812: {'id': 29812, 'rank': 'Queen', 'suit': 'Spades', 'color': 'Black', 'value': 10} (custom_logging.py:68)
[2024-07-17 21:14:49] - custom_log - DEBUG - Retrieved card details for card ID 91937: {'id': 91937, 'rank': 'King', 'suit': 'Diamonds', 'color': 'Red', 'value': 0} (custom_logging.py:68)
[2024-07-17 21:14:49] - custom_log - DEBUG - Retrieved card details for card ID 23846: {'id': 23846, 'rank': '9', 'suit': 'Spades', 'color': 'Black', 'value': 9} (custom_logging.py:68)
[2024-07-17 21:14:49] - custom_log - DEBUG - Retrieved card details for card ID 35381: {'id': 35381, 'rank': '4', 'suit': 'Diamonds', 'color': 'Red', 'value': 4} (custom_logging.py:68)
[2024-07-17 21:14:49] - custom_log - DEBUG - Retrieved card details for card ID 52841: {'id': 52841, 'rank': '8', 'suit': 'Diamonds', 'color': 'Red', 'value': 8} (custom_logging.py:68)
[2024-07-17 21:14:49] - custom_log - DEBUG - Retrieved card details for card ID 15853: {'id': 15853, 'rank': 'Queen', 'suit': 'Hearts', 'color': 'Red', 'value': 10} (custom_logging.py:68)
[2024-07-17 21:14:49] - custom_log - DEBUG - Retrieved card details for card ID 64609: {'id': 64609, 'rank': '4', 'suit': 'Clubs', 'color': 'Black', 'value': 4} (custom_logging.py:68)
[2024-07-17 21:14:49] - custom_log - DEBUG - Attempting to emit event: player_turn with data: {'game_id': 'You-h01cEMR2NxZe7KhzAAAB', 'game_mode': 'solo', 'players': {'h01cEMR2NxZe7KhzAAABcomputer1': {'name': 'Computer1', 'id': 'h01cEMR2NxZe7KhzAAABcomputer1', 'player_type': 'computer', 'hand': [23026, 99712, 11355, 94316], 'score': 0, 'active_card': None, 'state': 'IDLE', 'game_room': {'game_id': 'You-h01cEMR2NxZe7KhzAAAB', 'game_play_state': 'PREGAME'}}, 'h01cEMR2NxZe7KhzAAABcomputer2': {'name': 'Computer2', 'id': 'h01cEMR2NxZe7KhzAAABcomputer2', 'player_type': 'computer', 'hand': [99434, 29812, 91937, 23846], 'score': 0, 'active_card': None, 'state': 'IDLE', 'game_room': {'game_id': 'You-h01cEMR2NxZe7KhzAAAB', 'game_play_state': 'PREGAME'}}, 'h01cEMR2NxZe7KhzAAAB': {'name': 'You', 'id': 'h01cEMR2NxZe7KhzAAAB', 'player_type': 'user', 'hand': [35381, 52841, 15853, 64609], 'score': 0, 'active_card': None, 'state': 'IDLE', 'game_room': {'game_id': 'You-h01cEMR2NxZe7KhzAAAB', 'game_play_state': 'PREGAME'}}}, 'current_player': 'h01cEMR2NxZe7KhzAAAB', 'special_cards_queue': [], 'face_down_cards': [60165, 49744, 37927, 42380, 83039, 64811, 81791, 55260, 58886, 32125, 55442, 68066, 99885, 18874, 38319, 50469, 81072, 92381, 12653, 94054, 29333, 30574, 68952, 69586, 33655, 66689, 28750, 88499, 73211, 94910, 17406, 65513, 77389, 25009, 60323, 94863, 81179, 81042, 40675, 33150, 94019], 'face_up_cards': [{'id': 23533, 'rank': '4', 'suit': 'Hearts', 'color': 'Red', 'value': 4}], 'winners_queue': [], 'called_user_id': '', 'game_play_state': 'PLAYER_TURN'}, rooms: You-h01cEMR2NxZe7KhzAAAB, wait_for: None, expect_reply: False, timeout: None (custom_logging.py:68)
[2024-07-17 21:14:49] - custom_log - DEBUG - Emitting event player_turn with data: {'game_id': 'You-h01cEMR2NxZe7KhzAAAB', 'game_mode': 'solo', 'players': {'h01cEMR2NxZe7KhzAAABcomputer1': {'name': 'Computer1', 'id': 'h01cEMR2NxZe7KhzAAABcomputer1', 'player_type': 'computer', 'hand': [23026, 99712, 11355, 94316], 'score': 0, 'active_card': None, 'state': 'IDLE', 'game_room': {'game_id': 'You-h01cEMR2NxZe7KhzAAAB', 'game_play_state': 'PREGAME'}}, 'h01cEMR2NxZe7KhzAAABcomputer2': {'name': 'Computer2', 'id': 'h01cEMR2NxZe7KhzAAABcomputer2', 'player_type': 'computer', 'hand': [99434, 29812, 91937, 23846], 'score': 0, 'active_card': None, 'state': 'IDLE', 'game_room': {'game_id': 'You-h01cEMR2NxZe7KhzAAAB', 'game_play_state': 'PREGAME'}}, 'h01cEMR2NxZe7KhzAAAB': {'name': 'You', 'id': 'h01cEMR2NxZe7KhzAAAB', 'player_type': 'user', 'hand': [35381, 52841, 15853, 64609], 'score': 0, 'active_card': None, 'state': 'IDLE', 'game_room': {'game_id': 'You-h01cEMR2NxZe7KhzAAAB', 'game_play_state': 'PREGAME'}}}, 'current_player': 'h01cEMR2NxZe7KhzAAAB', 'special_cards_queue': [], 'face_down_cards': [60165, 49744, 37927, 42380, 83039, 64811, 81791, 55260, 58886, 32125, 55442, 68066, 99885, 18874, 38319, 50469, 81072, 92381, 12653, 94054, 29333, 30574, 68952, 69586, 33655, 66689, 28750, 88499, 73211, 94910, 17406, 65513, 77389, 25009, 60323, 94863, 81179, 81042, 40675, 33150, 94019], 'face_up_cards': [{'id': 23533, 'rank': '4', 'suit': 'Hearts', 'color': 'Red', 'value': 4}], 'winners_queue': [], 'called_user_id': '', 'game_play_state': 'PLAYER_TURN'} (custom_logging.py:68)
[2024-07-17 21:14:49] - custom_log - DEBUG - Emitting event player_turn to room You-h01cEMR2NxZe7KhzAAAB (custom_logging.py:68)
[2024-07-17 21:14:49] - custom_log - DEBUG - Event player_turn emitted (custom_logging.py:68)
[2024-07-17 21:14:49] - custom_log - DEBUG - Retrieved card details for card ID 35381: {'id': 35381, 'rank': '4', 'suit': 'Diamonds', 'color': 'Red', 'value': 4} (custom_logging.py:68)
[2024-07-17 21:14:49] - custom_log - DEBUG - Retrieved card details for card ID 52841: {'id': 52841, 'rank': '8', 'suit': 'Diamonds', 'color': 'Red', 'value': 8} (custom_logging.py:68)
[2024-07-17 21:14:49] - custom_log - DEBUG - Retrieved card details for card ID 15853: {'id': 15853, 'rank': 'Queen', 'suit': 'Hearts', 'color': 'Red', 'value': 10} (custom_logging.py:68)
[2024-07-17 21:14:49] - custom_log - DEBUG - Retrieved card details for card ID 64609: {'id': 64609, 'rank': '4', 'suit': 'Clubs', 'color': 'Black', 'value': 4} (custom_logging.py:68)
[2024-07-17 21:14:49] - custom_log - DEBUG - Attempting to emit event: player_data with data: {'name': 'You', 'id': 'h01cEMR2NxZe7KhzAAAB', 'player_type': 'user', 'hand': [35381, 52841, 15853, 64609], 'score': 0, 'active_card': None, 'state': 'CHOOSING_DECK', 'game_room': {'game_id': 'You-h01cEMR2NxZe7KhzAAAB', 'game_play_state': 'PREGAME'}}, rooms: h01cEMR2NxZe7KhzAAAB, wait_for: None, expect_reply: False, timeout: None (custom_logging.py:68)
[2024-07-17 21:14:49] - custom_log - DEBUG - Emitting event player_data with data: {'name': 'You', 'id': 'h01cEMR2NxZe7KhzAAAB', 'player_type': 'user', 'hand': [35381, 52841, 15853, 64609], 'score': 0, 'active_card': None, 'state': 'CHOOSING_DECK', 'game_room': {'game_id': 'You-h01cEMR2NxZe7KhzAAAB', 'game_play_state': 'PREGAME'}} (custom_logging.py:68)
[2024-07-17 21:14:49] - custom_log - DEBUG - Emitting event player_data to room h01cEMR2NxZe7KhzAAAB (custom_logging.py:68)
[2024-07-17 21:14:49] - custom_log - DEBUG - Event player_data emitted (custom_logging.py:68)
